<?xml version="1.0" encoding="UTF-8"?>
<!-- Generated by org.testng.reporters.JUnitReportReporter -->
<testsuite skipped="0" hostname="DESKTOP-1JNVH9C" name="Test.WebstaurantPageObject" tests="2" failures="0" timestamp="08 Feb 2020 05:53:33 GMT" time="43.641" errors="0">
  <testcase name="testCase1" time="19.400" classname="Test.WebstaurantPageObject"/>
  <testcase name="testCase2" time="24.241" classname="Test.WebstaurantPageObject"/>
</testsuite> <!-- Test.WebstaurantPageObject -->
